C51 COMPILER V9.01   1602SS                                                                10/12/2016 23:29:46 PAGE 1   


C51 COMPILER V9.01, COMPILATION OF MODULE 1602SS
OBJECT MODULE PLACED IN 1602SS.OBJ
COMPILER INVOKED BY: E:\单片机\KEIL4\C51\BIN\C51.EXE 1602SS.C BROWSE DEBUG OBJECTEXTEND

line level    source

   1          #include <reg52.h>
   2          
   3          #define uint unsigned int  
   4          #define uchar unsigned char 
   5          
   6          typedef bit BOOL  ;  
   7          
   8          sbit io = P1^0 ; 
   9          sbit rs = P2^6 ;  
  10          sbit rw = P2^5 ; 
  11          sbit ep = P2^7 ; 
  12          
  13          uchar data_byte; 
  14          uchar RH,RL,TH,TL; 
  15          
  16          void delay(uchar ms) 
  17          {       
  18   1                      uchar i ; 
  19   1                      while(ms--) 
  20   1                      { 
  21   2                      for(i=0;i<250;i++); 
  22   2                      } 
  23   1      } 
  24          
  25          void delay1()//10us 
  26          { 
  27   1                       uchar i; 
  28   1                       i--;           
  29   1                       i--;           
  30   1                       i--;           
  31   1                       i--;           
  32   1                       i--;           
  33   1                       i--; 
  34   1      } 
  35          
  36          void longdelay(uchar s) //长延时 
  37          { 
  38   1                        while(s--) 
  39   1                        { 
  40   2                          delay(90) ; 
  41   2                        }  
  42   1      } 
  43          
  44          BOOL lcd_bz()//测试LCD忙碌状态 
  45          {       
  46   1                        BOOL result ; 
  47   1                        rs = 0 ; 
  48   1                        rw = 1 ; 
  49   1                        ep = 1 ; 
  50   1                        result = (BOOL)(P0 & 0x80) ; 
  51   1                        ep = 0 ; 
  52   1                        return result ;  
  53   1      } 
  54          
  55           
C51 COMPILER V9.01   1602SS                                                                10/12/2016 23:29:46 PAGE 2   

  56          
  57          void write_cmd(uchar cmd)// xie
  58          {        
  59   1                       while(lcd_bz()) ;              
  60   1                       rs = 0 ;               
  61   1                       rw = 0 ;               
  62   1                       ep = 0 ;               
  63   1                       P0 = cmd ;             
  64   1                       ep = 1 ;               
  65   1                       ep = 0 ;   
  66   1      }
  67          
  68          void write_addr(uchar addr)//address 
  69          {        
  70   1                      write_cmd(addr|0x80) ; 
  71   1      } 
  72          
  73          void write_byte(uchar dat)//dat
  74          {       
  75   1      
  76   1                      while(lcd_bz()) ; 
  77   1                      rs = 1 ; 
  78   1                      rw = 0 ; 
  79   1                      ep = 0 ; 
  80   1                      P0 = dat ; 
  81   1                      ep = 1 ; 
  82   1                      ep = 0 ;  
  83   1      } 
  84          
  85          
  86          void lcd_init()          //2
  87          {        
  88   1                        write_cmd(0x38) ;  
  89   1                        delay(3); 
  90   1                        write_cmd(0x08) ;   
  91   1                        delay(3); 
  92   1                        write_cmd(0x01) ;  
  93   1                        delay(3); 
  94   1                        write_cmd(0x06) ; 
  95   1                        delay(3); 
  96   1                        write_cmd(0x0c) ;  
  97   1                        delay(3);
  98   1      } 
  99          
 100           
 101          
 102          void display(uchar addr, uchar q) 
 103          {    
 104   1      
 105   1                        delay(15) ;                                      //10         
 106   1                        write_addr(addr) ;            
 107   1                        write_byte(q) ;               
 108   1                        longdelay(2) ;                                   //2
 109   1      } 
 110          
 111          /******************************************************************************
 112          
 113          ******************************* 
 114          
 115          ************************************************ DHT11测试模块
 116          
 117          ***********************************************/ 
C51 COMPILER V9.01   1602SS                                                                10/12/2016 23:29:46 PAGE 3   

 118          
 119           
 120          
 121          void start()//开始信号 
 122          { 
 123   1                       io=1; 
 124   1                       delay1();  
 125   1                       delay1(); 
 126   1                       
 127   1                       io=0; 
 128   1                       delay(40);//>18ms                //20
 129   1      
 130   1                       io=1; 
 131   1                       delay1();//20-40us 
 132   1                       delay1(); 
 133   1                       delay1(); 
 134   1                       delay1();
 135   1                       delay1(); 
 136   1                       delay1();                      //
 137   1                       delay1(); 
 138   1      
 139   1      } 
 140          
 141          uchar receive_byte()//接收一个字节 
 142          { 
 143   1                       uchar i,temp,count; 
 144   1                       for(i=0;i<8;i++) 
 145   1                       { 
 146   2                                        count=2; 
 147   2                                        while((!io)&&count++)//等待50us低电平结束 
 148   2                                        temp=0; 
 149   2                                        delay1();delay1();delay1();delay1(); delay1(); delay1();delay1();delay1(); delay1(); //4
 150   2                                      
 151   2                                        if(io==1)             
 152   2                                        temp=1; 
 153   2      
 154   2                                        count=2; 
 155   2                                        while((io)&&count++); 
 156   2                                        if(count==1)break; 
 157   2                                        data_byte<<=1;  
 158   2                                        data_byte|=temp; 
 159   2                        } 
 160   1                       
 161   1                       return data_byte; 
 162   1      
 163   1      } 
 164          
 165          void receive()//接收数据 
 166          { 
 167   1                       uchar T_H,T_L,R_H,R_L,check,num_check; 
 168   1                       uchar count; 
 169   1                       start();//开始信号 
 170   1                       io=1; 
 171   1                       if(!io)//读取DHT11响应信号 
 172   1                       { 
 173   2                                       count=2; 
 174   2                                       while((!io)&&count++);//DHT11高电平80us是否结束 
 175   2                                       count=2;
 176   2                                        
 177   2                                       while((io)&&count++); 
 178   2                                       R_H=receive_byte(); 
 179   2                                       R_L=receive_byte(); 
C51 COMPILER V9.01   1602SS                                                                10/12/2016 23:29:46 PAGE 4   

 180   2                                       T_H=receive_byte(); 
 181   2                                       T_L=receive_byte(); 
 182   2                                       check=receive_byte();
 183   2                                        
 184   2                                       io=0;//拉低延时50us 
 185   2                                       delay1();delay1();delay1();delay1();delay1(); delay1();delay1();delay1(); delay1();  
 186   2                                       
 187   2                                       io=1; 
 188   2                                       num_check=R_H+R_L+T_H+T_L; 
 189   2                                       
 190   2                                       if(num_check=check) 
 191   2                                       { 
 192   3                                                        RH=R_H; 
 193   3                                                        RL=R_L; 
 194   3                                                        TH=T_H; 
 195   3                                                        TL=T_L; 
 196   3                                                        check=num_check; 
 197   3                                       } 
 198   2                      
 199   2                       } 
 200   1      
 201   1      } 
 202          
 203          void display_lcd1602()
 204          {
 205   1                         receive(); 
 206   1      
 207   1                              delay(200); 
 208   1      
 209   1                              display(0x00,'R') ; 
 210   1      
 211   1                              display(0x01,':'); 
 212   1      
 213   1                              display(0x02,RH/10+0x30); 
 214   1      
 215   1                              display(0x03,RH%10+0x30); 
 216   1      
 217   1                              display(0x04,'%'); 
 218   1      
 219   1                              display(0x40,'T') ; 
 220   1      
 221   1                              display(0x41,':'); 
 222   1      
 223   1                              display(0x42,TH/10+0x30); 
 224   1      
 225   1                              display(0x43,TH%10+0x30); 
 226   1      
 227   1                              display(0x44,0xdf); 
 228   1      
 229   1                              display(0x45,0x43);
 230   1                              
 231   1                              display(0x06,'L');
 232   1                              display(0x07,'i');
 233   1                              display(0x08,'g');
 234   1                              display(0x09,'h');
 235   1                              display(0x0a,'t');
 236   1                              display(0x0b,':');
 237   1      }
 238          
 239          /******************************************************************************
 240          
 241          **************************** 
C51 COMPILER V9.01   1602SS                                                                10/12/2016 23:29:46 PAGE 5   

 242          
 243          *************************************************主函数
 244          
 245          ***************************************************/ 
 246          
 247          void main() 
 248          {  
 249   1      
 250   1              lcd_init(); 
 251   1              delay(20); 
 252   1              while(1) 
 253   1              { 
 254   2                              display_lcd1602();
 255   2              } 
 256   1      
 257   1      }


MODULE INFORMATION:   STATIC OVERLAYABLE
   CODE SIZE        =    559    ----
   CONSTANT SIZE    =   ----    ----
   XDATA SIZE       =   ----    ----
   PDATA SIZE       =   ----    ----
   DATA SIZE        =      5       2
   IDATA SIZE       =   ----    ----
   BIT SIZE         =   ----       1
END OF MODULE INFORMATION.


C51 COMPILATION COMPLETE.  0 WARNING(S),  0 ERROR(S)
