C51 COMPILER V9.01   1602SS                                                                10/23/2016 14:21:59 PAGE 1   


C51 COMPILER V9.01, COMPILATION OF MODULE 1602SS
OBJECT MODULE PLACED IN 1602SS.OBJ
COMPILER INVOKED BY: E:\单片机\KEIL4\C51\BIN\C51.EXE 1602SS.C BROWSE DEBUG OBJECTEXTEND

line level    source

   1          #include <reg52.h>
   2          #include "intrins.h"
   3          #include  <math.h>    //Keil library  
   4          #include  <stdio.h>   //Keil library
   5          
   6          #define uint unsigned int  
   7          #define uchar unsigned char 
   8          //#define FOSC    11059200L  //晶振11.0592M
   9          //#define BAUD    9600
  10          
  11          sbit beep = P0^0;
  12          sbit delay_pm=P0^1;
  13          sbit pwm=P0^3;
  14          sbit DOUT=P0^2;  
  15          
  16          typedef unsigned char BYTE;
  17          typedef unsigned int WORD;
  18          typedef bit BOOL  ; 
  19          
  20          /*Declare SFR associated with the ADC */
  21          sfr AUXR1       =   0XA2;
  22          sfr ADC_CONTR   =   0xBC;           //ADC control register
  23          sfr ADC_RES     =   0xBD;           //ADC high 8-bit result register
  24          sfr ADC_RESL    =   0xBE;
  25          sfr ADC_LOW2    =   0xBE;           //ADC low 2-bit result register
  26          sfr P1ASF       =   0x9D;           //P1 secondary function control register
  27          
  28          /*Define ADC operation const for ADC_CONTR*/
  29          #define ADC_POWER   0x80            //ADC power control bit
  30          #define ADC_FLAG    0x10            //ADC complete flag
  31          #define ADC_START   0x08            //ADC start control bit
  32          #define ADC_SPEEDLL 0x00            //420 clocks
  33          #define ADC_SPEEDL  0x20            //280 clocks
  34          #define ADC_SPEEDH  0x40            //140 clocks
  35          #define ADC_SPEEDHH 0x60            //70 clocks 
  36          
  37          
  38          uchar data_byte; 
  39          uchar str[14]="d000000000S00E";
  40          
  41          
  42          
  43          void InitADC();
  44          int GetADCResult(BYTE ch);
  45          void Delay2(WORD n);
  46          void conversion(uint temp_data);
  47          
  48          
  49          void SerialInti();//初始化程序（必须使用，否则无法收发）
  50          void Uart1Sends(uchar *str);
  51          void protocol_model();
  52          void protocol_select();
  53          void delay();
  54          void io_init();
  55          
C51 COMPILER V9.01   1602SS                                                                10/23/2016 14:21:59 PAGE 2   

  56          uchar ge,shi,bai,qian,wan;           //显示变量
  57          
  58          uchar rx[14],rx_cnt=0,flag_start=0,flag_control=0,start0=0,start1=0;
  59          
  60          uint x;
  61          
  62          
  63          /******************************************************************************
  64          
  65          **************************** 
  66          
  67          *************************************************主函数
  68          
  69          ***************************************************/ 
  70          
  71          void main() 
  72          {  
  73   1      
  74   1              InitADC(); 
  75   1              delay(); 
  76   1              SerialInti();
  77   1              io_init();
  78   1              delay();
  79   1              while(1) 
  80   1              {              
  81   2                      protocol_select();
  82   2              } 
  83   1      
  84   1      }
  85          
  86          void io_init()
  87          {
  88   1                      beep=0;
  89   1                      delay_pm=0;
  90   1                      DOUT=1;
  91   1                      pwm=0;
  92   1      }
  93          
  94          void protocol_select()
  95          {
  96   1                      if(flag_start==1)
  97   1                      {          
  98   2                                      flag_start=0;
  99   2                                      start0=1;
 100   2                                      
 101   2                                      x=GetADCResult(1);
 102   2                                      conversion(x);
 103   2                                      if(x>50)
 104   2                                      {
 105   3                                                      delay_pm=1;
 106   3                                                      beep=1;
 107   3                                                      str[1]=1+0x30;                  
 108   3                                      }
 109   2                                      else
 110   2                                      {
 111   3                                                      delay_pm=0;
 112   3                                                      beep=0;
 113   3                                                      str[1]=0+0x30;
 114   3                                      }
 115   2      
 116   2                                      if(DOUT==0)//
 117   2                                      {
C51 COMPILER V9.01   1602SS                                                                10/23/2016 14:21:59 PAGE 3   

 118   3                                      delay();//延时抗干扰
 119   3                                              if(DOUT==0)//确定 浓度高于设定值时 ，执行条件函数
 120   3                                      {
 121   4                                                      str[2]=1+0X30;
 122   4                                              }
 123   3                                      }
 124   2                      
 125   2                                      if(DOUT!=0)
 126   2                                      {
 127   3                                                      str[2]=0+0X30;
 128   3                                      }
 129   2      
 130   2                                      Uart1Sends(str);
 131   2                                              
 132   2                                      rx[0] ='0';
 133   2                                      rx[10]='0';
 134   2                                      rx[13]='0';     
 135   2                      }
 136   1      
 137   1                      if(start0==1)
 138   1                      {
 139   2                                      x=GetADCResult(1);
 140   2                                      conversion(x);
 141   2                                      if(x>100)
 142   2                                      {
 143   3                                                      delay_pm=1;
 144   3                                                      beep=1;
 145   3                                                      str[1]=1+0x30;                  
 146   3                                      }
 147   2                                      else
 148   2                                      {
 149   3                                                      delay_pm=0;
 150   3                                                      beep=0;
 151   3                                                      str[1]=0+0x30;
 152   3                                      }
 153   2      
 154   2                                      if(DOUT==0)//当有人
 155   2                                      {
 156   3                                      delay();//延时抗干扰
 157   3                                              if(DOUT==0)//确定 浓度高于设定值时 ，执行条件函数
 158   3                                      {
 159   4                                                      str[2]=1+0X30;
 160   4                                              }
 161   3                                      }
 162   2                      
 163   2                                      if(DOUT!=0)
 164   2                                      {
 165   3                                                      str[2]=0+0X30;
 166   3                                      }
 167   2                      }
 168   1      
 169   1                              if(flag_control==1)
 170   1                              {
 171   2                                              flag_control=0;
 172   2                                              start1=1;
 173   2      
 174   2                                              x=GetADCResult(1);
 175   2                                              conversion(x);
 176   2      
 177   2                                              if(rx[1]=='1')     // 开排气扇
 178   2                                              {
 179   3                                                      delay_pm=1;
C51 COMPILER V9.01   1602SS                                                                10/23/2016 14:21:59 PAGE 4   

 180   3                                                      str[1]=1+0x30;
 181   3                                                      beep=0;         
 182   3                                              }
 183   2                                              if(rx[1]=='0')                    //关
 184   2                                              {
 185   3                                                      delay_pm=0;
 186   3                                                      str[1]=0+0x30;
 187   3                                                      beep=0;
 188   3                                              }
 189   2      
 190   2                                              if(DOUT==0)//当有人
 191   2                                              {
 192   3                                              delay();//延时抗干扰
 193   3                                                      if(DOUT==0)//确定 浓度高于设定值时 ，执行条件函数
 194   3                                              {
 195   4                                                              str[2]=1+0X30;
 196   4                                                      }
 197   3                                              }
 198   2                              
 199   2                                              if(DOUT!=0)
 200   2                                              {
 201   3                                                              str[2]=0+0X30;
 202   3                                              }
 203   2                                                      
 204   2                                              Uart1Sends(str);
 205   2                                              
 206   2                                              rx[0]= '0';
 207   2                                              rx[10]='0';
 208   2                                              rx[13]='0';
 209   2                              }
 210   1      
 211   1                              if(start1==1)
 212   1                              {
 213   2                                              x=GetADCResult(1);
 214   2                                              conversion(x);
 215   2      
 216   2                                              if(rx[1]=='1')     // 开水阀
 217   2                                              {
 218   3                                                      delay_pm=1;
 219   3                                                      str[1]=1+0x30;
 220   3                                                      beep=0;         
 221   3                                              }
 222   2                                              
 223   2                                              if(rx[1]=='0')                    //关
 224   2                                              {
 225   3                                                      delay_pm=0;
 226   3                                                      str[1]=0+0x30;
 227   3                                                      beep=0;
 228   3                                              }
 229   2      
 230   2                                              if(DOUT==0)//当有人
 231   2                                              {
 232   3                                              delay();//延时抗干扰
 233   3                                                      if(DOUT==0)//确定 浓度高于设定值时 ，执行条件函数
 234   3                                              {
 235   4                                                              str[2]=1+0X30;
 236   4                                                      }
 237   3                                              }
 238   2                              
 239   2                                              if(DOUT!=0)
 240   2                                              {
 241   3                                                              str[2]=0+0X30;
C51 COMPILER V9.01   1602SS                                                                10/23/2016 14:21:59 PAGE 5   

 242   3                                              }
 243   2                              }       
 244   1      }
 245          
 246          void timer0() interrupt 1
 247          {
 248   1                      static unsigned int intr_flag;
 249   1                      TH0=(65535-2000)/256;
 250   1                      TL0=(65535-2000)%256;
 251   1                      intr_flag++;
 252   1                      if(intr_flag>500)
 253   1                      {
 254   2                              intr_flag=0;
 255   2                              pwm=~pwm;
 256   2                      }
 257   1                              
 258   1      }
 259          
 260          void Serial_interrupt() interrupt 4 
 261          {
 262   1                 
 263   1                 protocol_model();
 264   1      
 265   1      }
 266          
 267          void protocol_model()
 268          {
 269   1                      pwm=~pwm;
 270   1                      if(RI)
 271   1                      {
 272   2                                      RI=0;
 273   2                                      rx[rx_cnt]=SBUF;
 274   2                                      if(rx[0]== 'D')
 275   2                                      {
 276   3                                                      rx_cnt++;
 277   3                                                      if(rx_cnt>=14)
 278   3                                                      {
 279   4                                                                      if(rx[0]=='D' && rx[10]=='S'&&rx[13]=='E')
 280   4                                                                      {
 281   5                                                                                      flag_start=1;   start1=0;       rx_cnt=0;       
 282   5                                                                      }
 283   4                                                                      if(rx[0]=='D' && rx[10]=='M'&&rx[13]=='E')
 284   4                                                                      {
 285   5                                                                              
 286   5                                                                                      flag_control=1; start0=0;       rx_cnt=0;
 287   5                                                                      }                       
 288   4                                                                                      
 289   4                                                                      rx_cnt=0;
 290   4                                                      }
 291   3                                      }
 292   2                                      else
 293   2                                      {
 294   3                                                      rx_cnt=0;
 295   3                                      }
 296   2                              
 297   2                              
 298   2      
 299   2                      }
 300   1      
 301   1                      if(TI)
 302   1                      {
 303   2                                      TI=0;
C51 COMPILER V9.01   1602SS                                                                10/23/2016 14:21:59 PAGE 6   

 304   2                      }
 305   1      }
 306          
 307          void SerialInti()//初始化程序（必须使用，否则无法收发）
 308          {       
 309   1                      TMOD = 0x21;
 310   1                  SCON = 0x50;
 311   1                  TH1 = 0xFD;
 312   1                  TL1 = TH1;
 313   1                      TH0=(65535-2000)/256;
 314   1                      TL0=(65535-2000)%256;
 315   1                  PCON = 0x00;
 316   1                  EA = 1;
 317   1                  ES = 1;
 318   1                      TR0=1;
 319   1                      ET0=1;
 320   1                  TR1 = 1;            //启动定时器1
 321   1          
 322   1      }       
 323          
 324          //串行口连续发送char型数组，遇到终止号/0将停止
 325          void Uart1Sends(uchar *str)
 326          {
 327   1              unsigned char *p;
 328   1          
 329   1          p = str;
 330   1          while(*p != '\0')
 331   1          {
 332   2              SBUF = *p;
 333   2                      while(TI == 0); 
 334   2                      TI = 0;
 335   2              p++;
 336   2          }
 337   1      }
 338          
 339          void conversion(uint temp_data)  
 340          {  
 341   1          wan=temp_data/10000+0x30 ;
 342   1              qian=temp_data%10000/1000+0x30 ;
 343   1              str[3]=qian; 
 344   1          bai=temp_data%1000/100+0x30   ;
 345   1              str[4]=bai; 
 346   1          shi=temp_data%100/10+0x30    ;
 347   1              str[5]=shi; 
 348   1          ge=temp_data%10+0x30; 
 349   1              str[6]=ge;      
 350   1      }
 351          
 352          int GetADCResult(BYTE ch)
 353          {   int AD10bitResult; 
 354   1          ADC_CONTR = ADC_POWER | ADC_SPEEDLL | ch | ADC_START;
 355   1          _nop_();                        //Must wait before inquiry
 356   1          _nop_();
 357   1          _nop_();
 358   1          _nop_();
 359   1          while (!(ADC_CONTR & ADC_FLAG));//Wait complete flag
 360   1          ADC_CONTR &= ~ADC_FLAG;         //Close ADC
 361   1      
 362   1          AD10bitResult=ADC_RES;
 363   1          AD10bitResult<<=8;
 364   1          AD10bitResult|=ADC_RESL;
 365   1          return AD10bitResult;                  //Return 10BIT ADC result
C51 COMPILER V9.01   1602SS                                                                10/23/2016 14:21:59 PAGE 7   

 366   1      }
 367          
 368          void InitADC()
 369          {
 370   1          P1ASF = 0xff;                   //Open 8 channels ADC function
 371   1      
 372   1              AUXR1=AUXR1|0X04;              //ad值左对齐
 373   1          ADC_RES = 0;                    //Clear previous result
 374   1          ADC_CONTR = ADC_POWER | ADC_SPEEDLL;
 375   1          Delay2(2);                       //ADC power-on and delay
 376   1      }
 377          
 378          void Delay2(WORD n)
 379          {
 380   1          WORD x;
 381   1      
 382   1          while (n--)
 383   1          {
 384   2              x = 5000;
 385   2              while (x--);
 386   2          }
 387   1      }
 388          
 389          
 390          void delay()//延时程序
 391          {
 392   1                      uchar m,n,s;
 393   1                      for(m=20;m>0;m--)
 394   1                      for(n=20;n>0;n--)
 395   1                      for(s=248;s>0;s--);
 396   1      } 
 397          
 398          


MODULE INFORMATION:   STATIC OVERLAYABLE
   CODE SIZE        =    755    ----
   CONSTANT SIZE    =   ----    ----
   XDATA SIZE       =   ----    ----
   PDATA SIZE       =   ----    ----
   DATA SIZE        =     43    ----
   IDATA SIZE       =   ----    ----
   BIT SIZE         =   ----    ----
END OF MODULE INFORMATION.


C51 COMPILATION COMPLETE.  0 WARNING(S),  0 ERROR(S)
